[2025-04-01 11:19:39.777] [info] Updating Model file from 30000 to latest format...
[2025-04-01 11:19:39.815] [info] Loaded model H0918v3 from file D:\ingenieriabiomedica\sconeGym\sconegym\sconegym\data\H0918v3.osim
[2025-04-01 11:19:39.820] [warning] Couldn't find file 'femur.vtp'.
[2025-04-01 11:19:39.820] [warning] Couldn't find file 'tibia.vtp'.
[2025-04-01 11:19:39.832] [info] ControllerSet 'Controllers' was renamed and is being reset to 'controllerset'.
[2025-04-01 11:19:39.835] [info] ComponentSet 'MiscComponents' was renamed and is being reset to 'componentset'.
[2025-04-01 11:19:40.133] [warning] Visualizer couldn't open femur.vtp because: SimTK Exception thrown at PolygonalMesh.cpp:411:
  Error detected by Simbody method PolygonalMesh::loadVtpFile(): Attempt to load a VTK PolyData (.vtp) file from file name 'C:\OpenSim 4.5\opensim\..\\Geometry\femur.vtp' failed with message:
  SimTK Exception thrown at Xml.cpp:108:
  Error detected by Simbody method Xml::readFromFile(): Failed to load the Xml file 'C:\OpenSim 4.5\opensim\..\\Geometry\femur.vtp' with error 'Failed to open file (line=0, col=0)'.
  (Required condition 'loadOK' was not met.)

  (Required condition '!"failed"' was not met.)

[2025-04-01 11:19:40.134] [warning] Visualizer couldn't open tibia.vtp because: SimTK Exception thrown at PolygonalMesh.cpp:411:
  Error detected by Simbody method PolygonalMesh::loadVtpFile(): Attempt to load a VTK PolyData (.vtp) file from file name 'C:\OpenSim 4.5\opensim\..\\Geometry\tibia.vtp' failed with message:
  SimTK Exception thrown at Xml.cpp:108:
  Error detected by Simbody method Xml::readFromFile(): Failed to load the Xml file 'C:\OpenSim 4.5\opensim\..\\Geometry\tibia.vtp' with error 'Failed to open file (line=0, col=0)'.
  (Required condition 'loadOK' was not met.)

  (Required condition '!"failed"' was not met.)

[2025-04-01 11:19:47.967] [warning] Running tool H0918v3...
[2025-04-01 11:19:47.967] [info] No external loads will be applied (external loads file not specified).
[2025-04-01 11:19:47.984] [cout] [info] MODEL: H0918v3

numStates = 54
numCoordinates = 9
numSpeeds = 9
numActuators = 18
numBodies = 8
numConstraints = 0
numProbes = 0

ANALYSES (total: 2)
analysis[0] = Un-named analysis.
analysis[1] = Un-named analysis.

BODIES (total: 8)
body[0] = pelvis. mass: 11.777
              moments of inertia:  ~[0.1028,0.0871,0.0579]
              products of inertia: ~[0,0,0]
body[1] = femur_r. mass: 9.3014
              moments of inertia:  ~[0.1339,0.0351,0.1412]
              products of inertia: ~[0,0,0]
body[2] = tibia_r. mass: 3.7075
              moments of inertia:  ~[0.0504,0.0051,0.0511]
              products of inertia: ~[0,0,0]
body[3] = calcn_r. mass: 1.25
              moments of inertia:  ~[0.0014,0.0039,0.0041]
              products of inertia: ~[0,0,0]
body[4] = femur_l. mass: 9.3014
              moments of inertia:  ~[0.1339,0.0351,0.1412]
              products of inertia: ~[0,0,0]
body[5] = tibia_l. mass: 3.7075
              moments of inertia:  ~[0.0504,0.0051,0.0511]
              products of inertia: ~[0,0,0]
body[6] = calcn_l. mass: 1.25
              moments of inertia:  ~[0.0014,0.0039,0.0041]
              products of inertia: ~[0,0,0]
body[7] = torso. mass: 34.2366
              moments of inertia:  ~[1.4745,0.7555,1.4314]
              products of inertia: ~[0,0,0]

JOINTS (total: 8)
joint[0] = ground_pelvis. parent: ground_offset, child: pelvis_offset
joint[1] = hip_r. parent: pelvis_offset, child: femur_r_offset
joint[2] = knee_r. parent: femur_r_offset, child: tibia_r_offset
joint[3] = ankle_r. parent: tibia_r_offset, child: calcn_r_offset
joint[4] = hip_l. parent: pelvis_offset, child: femur_l_offset
joint[5] = knee_l. parent: femur_l_offset, child: tibia_l_offset
joint[6] = ankle_l. parent: tibia_l_offset, child: calcn_l_offset
joint[7] = back. parent: pelvis_offset, child: torso_offset

ACTUATORS (total: 18)
actuator[0] = hamstrings_r
actuator[1] = bifemsh_r
actuator[2] = glut_max_r
actuator[3] = iliopsoas_r
actuator[4] = rect_fem_r
actuator[5] = vasti_r
actuator[6] = gastroc_r
actuator[7] = soleus_r
actuator[8] = tib_ant_r
actuator[9] = hamstrings_l
actuator[10] = bifemsh_l
actuator[11] = glut_max_l
actuator[12] = iliopsoas_l
actuator[13] = rect_fem_l
actuator[14] = vasti_l
actuator[15] = gastroc_l
actuator[16] = soleus_l
actuator[17] = tib_ant_l

STATES (total: 54)
y[0] = /jointset/ground_pelvis/pelvis_tilt/value
y[1] = /jointset/ground_pelvis/pelvis_tilt/speed
y[2] = /jointset/ground_pelvis/pelvis_tx/value
y[3] = /jointset/ground_pelvis/pelvis_tx/speed
y[4] = /jointset/ground_pelvis/pelvis_ty/value
y[5] = /jointset/ground_pelvis/pelvis_ty/speed
y[6] = /jointset/hip_r/hip_flexion_r/value
y[7] = /jointset/hip_r/hip_flexion_r/speed
y[8] = /jointset/knee_r/knee_angle_r/value
y[9] = /jointset/knee_r/knee_angle_r/speed
y[10] = /jointset/ankle_r/ankle_angle_r/value
y[11] = /jointset/ankle_r/ankle_angle_r/speed
y[12] = /jointset/hip_l/hip_flexion_l/value
y[13] = /jointset/hip_l/hip_flexion_l/speed
y[14] = /jointset/knee_l/knee_angle_l/value
y[15] = /jointset/knee_l/knee_angle_l/speed
y[16] = /jointset/ankle_l/ankle_angle_l/value
y[17] = /jointset/ankle_l/ankle_angle_l/speed
y[18] = /forceset/hamstrings_r/activation
y[19] = /forceset/hamstrings_r/fiber_length
y[20] = /forceset/bifemsh_r/activation
y[21] = /forceset/bifemsh_r/fiber_length
y[22] = /forceset/glut_max_r/activation
y[23] = /forceset/glut_max_r/fiber_length
y[24] = /forceset/iliopsoas_r/activation
y[25] = /forceset/iliopsoas_r/fiber_length
y[26] = /forceset/rect_fem_r/activation
y[27] = /forceset/rect_fem_r/fiber_length
y[28] = /forceset/vasti_r/activation
y[29] = /forceset/vasti_r/fiber_length
y[30] = /forceset/gastroc_r/activation
y[31] = /forceset/gastroc_r/fiber_length
y[32] = /forceset/soleus_r/activation
y[33] = /forceset/soleus_r/fiber_length
y[34] = /forceset/tib_ant_r/activation
y[35] = /forceset/tib_ant_r/fiber_length
y[36] = /forceset/hamstrings_l/activation
y[37] = /forceset/hamstrings_l/fiber_length
y[38] = /forceset/bifemsh_l/activation
y[39] = /forceset/bifemsh_l/fiber_length
y[40] = /forceset/glut_max_l/activation
y[41] = /forceset/glut_max_l/fiber_length
y[42] = /forceset/iliopsoas_l/activation
y[43] = /forceset/iliopsoas_l/fiber_length
y[44] = /forceset/rect_fem_l/activation
y[45] = /forceset/rect_fem_l/fiber_length
y[46] = /forceset/vasti_l/activation
y[47] = /forceset/vasti_l/fiber_length
y[48] = /forceset/gastroc_l/activation
y[49] = /forceset/gastroc_l/fiber_length
y[50] = /forceset/soleus_l/activation
y[51] = /forceset/soleus_l/fiber_length
y[52] = /forceset/tib_ant_l/activation
y[53] = /forceset/tib_ant_l/fiber_length

[2025-04-01 11:19:47.984] [info] Integrating from 0.0 to 5.0.
